-------------------------------------------------------------------------------
Test set: ca.uqam.info.mgl7460.tp3.cucumber.RunCucumberTest
-------------------------------------------------------------------------------
Tests run: 2, Failures: 0, Errors: 2, Skipped: 0, Time elapsed: 0.252 s <<< FAILURE! -- in ca.uqam.info.mgl7460.tp3.cucumber.RunCucumberTest
traitement dossiers admission.traitement dossiers admission - dossier admission vide -- Time elapsed: 0.204 s <<< ERROR!
java.lang.NullPointerException: Cannot invoke "ca.uqam.info.mgl7460.tp3.types.FabriqueGestionAdmissions.creerEtudiant(String, String, String)" because "ca.uqam.info.mgl7460.tp3.drools.TestHarness.fabrique" is null
	at ca.uqam.info.mgl7460.tp3.drools.TestHarness.creerDemandeDossierVide(TestHarness.java:243)
	at ca.uqam.info.mgl7460.tp3.cucumber.DefinitionEtapesScenariosCucumber.une_demande_d_admission_avec_dossier_vide(DefinitionEtapesScenariosCucumber.java:44)
	at ✽.une demande d'admission avec dossier vide(classpath:ca/uqam/info/mgl7460/tp3/demandes_refusees_dossier_incomplet.feature:7)

traitement dossiers admission.traitement dossiers admission - dossier base admission experience sans attestation -- Time elapsed: 0.003 s <<< ERROR!
java.lang.NullPointerException: Cannot invoke "ca.uqam.info.mgl7460.tp3.types.FabriqueGestionAdmissions.creerEtudiant(String, String, String)" because "ca.uqam.info.mgl7460.tp3.drools.TestHarness.fabrique" is null
	at ca.uqam.info.mgl7460.tp3.drools.TestHarness.creerDemandeBaseExperienceSansPreuve(TestHarness.java:160)
	at ca.uqam.info.mgl7460.tp3.cucumber.DefinitionEtapesScenariosCucumber.une_demande_admission_sur_base_experience_sans_attestation_emploi(DefinitionEtapesScenariosCucumber.java:56)
	at ✽.une demande admission sur base experience sans attestation emploi(classpath:ca/uqam/info/mgl7460/tp3/demandes_refusees_dossier_incomplet.feature:12)

