<?xml version="1.0" encoding="UTF-8"?>
<testsuite xmlns:xsi="http://www.w3.org/2001/XMLSchema-instance" xsi:noNamespaceSchemaLocation="https://maven.apache.org/surefire/maven-surefire-plugin/xsd/surefire-test-report.xsd" version="3.0.2" name="ca.uqam.info.mgl7460.tp3.drools.RuleTest" time="0.021" tests="1" errors="0" skipped="0" failures="0">
  <properties>
[...]
</properties>
  <testcase name="test" classname="ca.uqam.info.mgl7460.tp3.drools.RuleTest" time="0.016">
    <system-out><![CDATA[2025-02-10 14:18:02,014 [main] INFO  Creating RuleUnit
2025-02-10 14:18:02,015 [main] INFO  Insert data
2025-02-10 14:18:02,017 [main] INFO  Run query. Rules are also fired
]]></system-out>
  </testcase>
</testsuite>