<?xml version="1.0" encoding="UTF-8"?>
<testsuite xmlns:xsi="http://www.w3.org/2001/XMLSchema-instance" xsi:noNamespaceSchemaLocation="https://maven.apache.org/surefire/maven-surefire-plugin/xsd/surefire-test-report.xsd" version="3.0.2" name="ca.uqam.info.mgl7460.tp3.drools.TestReglesAdmission" time="0.01" tests="7" errors="7" skipped="0" failures="0">
  <properties>
[...]
</properties>
  <testcase name="testDemandeMauvaiseBaseAdmission" classname="ca.uqam.info.mgl7460.tp3.drools.TestReglesAdmission" time="0.001">
    <error message="Cannot invoke &quot;ca.uqam.info.mgl7460.tp3.types.FabriqueGestionAdmissions.creerEtudiant(String, String, String)&quot; because &quot;ca.uqam.info.mgl7460.tp3.drools.TestHarness.fabrique&quot; is null" type="java.lang.NullPointerException"><![CDATA[java.lang.NullPointerException: Cannot invoke "ca.uqam.info.mgl7460.tp3.types.FabriqueGestionAdmissions.creerEtudiant(String, String, String)" because "ca.uqam.info.mgl7460.tp3.drools.TestHarness.fabrique" is null
	at ca.uqam.info.mgl7460.tp3.drools.TestHarness.creerDemandeMauvaiseBaseAdmission(TestHarness.java:201)
	at ca.uqam.info.mgl7460.tp3.drools.TestReglesAdmission.testDemandeMauvaiseBaseAdmission(TestReglesAdmission.java:92)
	at java.base/java.lang.reflect.Method.invoke(Method.java:569)
	at java.base/java.util.ArrayList.forEach(ArrayList.java:1511)
	at java.base/java.util.ArrayList.forEach(ArrayList.java:1511)
]]></error>
    <system-out><![CDATA[2025-02-10 14:18:02,030 [main] INFO  Creation de conteneur pour données pour admissions RÉUSSIE
2025-02-10 14:18:02,031 [main] INFO  Creation de moteur pour admissions RÉUSSIE
2025-02-10 14:18:02,031 [main] INFO  Insérer une demande d'admission mauvaise base d'admission
BLABLABLABLABLABLABLABLA2
null
BLABLABLABLABLABLABLABLA2
]]></system-out>
  </testcase>
  <testcase name="testDemandeRefuseeBaseCEGEPSansCoteR" classname="ca.uqam.info.mgl7460.tp3.drools.TestReglesAdmission" time="0.001">
    <error message="Cannot invoke &quot;ca.uqam.info.mgl7460.tp3.types.FabriqueGestionAdmissions.creerEtudiant(String, String, String)&quot; because &quot;ca.uqam.info.mgl7460.tp3.drools.TestHarness.fabrique&quot; is null" type="java.lang.NullPointerException"><![CDATA[java.lang.NullPointerException: Cannot invoke "ca.uqam.info.mgl7460.tp3.types.FabriqueGestionAdmissions.creerEtudiant(String, String, String)" because "ca.uqam.info.mgl7460.tp3.drools.TestHarness.fabrique" is null
	at ca.uqam.info.mgl7460.tp3.drools.TestHarness.creerDemandeRefuseeBaseCEGEPSansCoteR(TestHarness.java:59)
	at ca.uqam.info.mgl7460.tp3.drools.TestReglesAdmission.testDemandeRefuseeBaseCEGEPSansCoteR(TestReglesAdmission.java:38)
	at java.base/java.lang.reflect.Method.invoke(Method.java:569)
	at java.base/java.util.ArrayList.forEach(ArrayList.java:1511)
	at java.base/java.util.ArrayList.forEach(ArrayList.java:1511)
]]></error>
    <system-out><![CDATA[2025-02-10 14:18:02,033 [main] INFO  Insérer une demande d'admission avec base d'admission CEGEP sans cote R
]]></system-out>
  </testcase>
  <testcase name="testDemandeDossierVide" classname="ca.uqam.info.mgl7460.tp3.drools.TestReglesAdmission" time="0.001">
    <error message="Cannot invoke &quot;ca.uqam.info.mgl7460.tp3.types.FabriqueGestionAdmissions.creerEtudiant(String, String, String)&quot; because &quot;ca.uqam.info.mgl7460.tp3.drools.TestHarness.fabrique&quot; is null" type="java.lang.NullPointerException"><![CDATA[java.lang.NullPointerException: Cannot invoke "ca.uqam.info.mgl7460.tp3.types.FabriqueGestionAdmissions.creerEtudiant(String, String, String)" because "ca.uqam.info.mgl7460.tp3.drools.TestHarness.fabrique" is null
	at ca.uqam.info.mgl7460.tp3.drools.TestHarness.creerDemandeDossierVide(TestHarness.java:243)
	at ca.uqam.info.mgl7460.tp3.drools.TestReglesAdmission.testDemandeDossierVide(TestReglesAdmission.java:73)
	at java.base/java.lang.reflect.Method.invoke(Method.java:569)
	at java.base/java.util.ArrayList.forEach(ArrayList.java:1511)
	at java.base/java.util.ArrayList.forEach(ArrayList.java:1511)
]]></error>
    <system-out><![CDATA[2025-02-10 14:18:02,034 [main] INFO  Insérer une demande d'admission dossier vide
]]></system-out>
  </testcase>
  <testcase name="testDemandeMoyennePlusfaibleCriteresAdmission" classname="ca.uqam.info.mgl7460.tp3.drools.TestReglesAdmission" time="0.0">
    <error message="Cannot invoke &quot;ca.uqam.info.mgl7460.tp3.types.FabriqueGestionAdmissions.creerEtudiant(String, String, String)&quot; because &quot;ca.uqam.info.mgl7460.tp3.drools.TestHarness.fabrique&quot; is null" type="java.lang.NullPointerException"><![CDATA[java.lang.NullPointerException: Cannot invoke "ca.uqam.info.mgl7460.tp3.types.FabriqueGestionAdmissions.creerEtudiant(String, String, String)" because "ca.uqam.info.mgl7460.tp3.drools.TestHarness.fabrique" is null
	at ca.uqam.info.mgl7460.tp3.drools.TestHarness.creerDemandeMoyennePlusfaibleQueCriteresAdmission(TestHarness.java:118)
	at ca.uqam.info.mgl7460.tp3.drools.TestReglesAdmission.testDemandeMoyennePlusfaibleCriteresAdmission(TestReglesAdmission.java:129)
	at java.base/java.lang.reflect.Method.invoke(Method.java:569)
	at java.base/java.util.ArrayList.forEach(ArrayList.java:1511)
	at java.base/java.util.ArrayList.forEach(ArrayList.java:1511)
]]></error>
    <system-out><![CDATA[2025-02-10 14:18:02,036 [main] INFO  Insérer une demande d'admission avec moyenne plus faible que les critères d'admission
]]></system-out>
  </testcase>
  <testcase name="testDemandeDocumentFrauduleux" classname="ca.uqam.info.mgl7460.tp3.drools.TestReglesAdmission" time="0.001">
    <error message="Cannot invoke &quot;ca.uqam.info.mgl7460.tp3.types.FabriqueGestionAdmissions.creerEtudiant(String, String, String)&quot; because &quot;ca.uqam.info.mgl7460.tp3.drools.TestHarness.fabrique&quot; is null" type="java.lang.NullPointerException"><![CDATA[java.lang.NullPointerException: Cannot invoke "ca.uqam.info.mgl7460.tp3.types.FabriqueGestionAdmissions.creerEtudiant(String, String, String)" because "ca.uqam.info.mgl7460.tp3.drools.TestHarness.fabrique" is null
	at ca.uqam.info.mgl7460.tp3.drools.TestHarness.creerDemandeFrauduleuse(TestHarness.java:89)
	at ca.uqam.info.mgl7460.tp3.drools.TestReglesAdmission.testDemandeDocumentFrauduleux(TestReglesAdmission.java:55)
	at java.base/java.lang.reflect.Method.invoke(Method.java:569)
	at java.base/java.util.ArrayList.forEach(ArrayList.java:1511)
	at java.base/java.util.ArrayList.forEach(ArrayList.java:1511)
]]></error>
    <system-out><![CDATA[2025-02-10 14:18:02,037 [main] INFO  Insérer une demande d'admission frauduleuse
]]></system-out>
  </testcase>
  <testcase name="testDemandeAcceptee" classname="ca.uqam.info.mgl7460.tp3.drools.TestReglesAdmission" time="0.001">
    <error message="Cannot invoke &quot;ca.uqam.info.mgl7460.tp3.types.FabriqueGestionAdmissions.creerEtudiant(String, String, String)&quot; because &quot;ca.uqam.info.mgl7460.tp3.drools.TestHarness.fabrique&quot; is null" type="java.lang.NullPointerException"><![CDATA[java.lang.NullPointerException: Cannot invoke "ca.uqam.info.mgl7460.tp3.types.FabriqueGestionAdmissions.creerEtudiant(String, String, String)" because "ca.uqam.info.mgl7460.tp3.drools.TestHarness.fabrique" is null
	at ca.uqam.info.mgl7460.tp3.drools.TestHarness.creerDemandeAdmissionAcceptee(TestHarness.java:29)
	at ca.uqam.info.mgl7460.tp3.drools.TestReglesAdmission.testDemandeAcceptee(TestReglesAdmission.java:147)
	at java.base/java.lang.reflect.Method.invoke(Method.java:569)
	at java.base/java.util.ArrayList.forEach(ArrayList.java:1511)
	at java.base/java.util.ArrayList.forEach(ArrayList.java:1511)
]]></error>
    <system-out><![CDATA[2025-02-10 14:18:02,038 [main] INFO  Insérer une demande d'admission qui sera acceptée
]]></system-out>
  </testcase>
  <testcase name="testDemandeBaseExperienceSansPreuve" classname="ca.uqam.info.mgl7460.tp3.drools.TestReglesAdmission" time="0.001">
    <error message="Cannot invoke &quot;ca.uqam.info.mgl7460.tp3.types.FabriqueGestionAdmissions.creerEtudiant(String, String, String)&quot; because &quot;ca.uqam.info.mgl7460.tp3.drools.TestHarness.fabrique&quot; is null" type="java.lang.NullPointerException"><![CDATA[java.lang.NullPointerException: Cannot invoke "ca.uqam.info.mgl7460.tp3.types.FabriqueGestionAdmissions.creerEtudiant(String, String, String)" because "ca.uqam.info.mgl7460.tp3.drools.TestHarness.fabrique" is null
	at ca.uqam.info.mgl7460.tp3.drools.TestHarness.creerDemandeBaseExperienceSansPreuve(TestHarness.java:160)
	at ca.uqam.info.mgl7460.tp3.drools.TestReglesAdmission.testDemandeBaseExperienceSansPreuve(TestReglesAdmission.java:111)
	at java.base/java.lang.reflect.Method.invoke(Method.java:569)
	at java.base/java.util.ArrayList.forEach(ArrayList.java:1511)
	at java.base/java.util.ArrayList.forEach(ArrayList.java:1511)
]]></error>
    <system-out><![CDATA[2025-02-10 14:18:02,039 [main] INFO  Insérer une demande d'admission base experience sans attestation d'emploi
]]></system-out>
  </testcase>
</testsuite>